  Compiling CUDA source file kernel.cu...
  
  C:\Users\nigue\source\repos\CudaRotate\CudaRotate>"C:\Program Files\NVIDIA GPU Computing Toolkit\CUDA\v11.8\bin\nvcc.exe" -gencode=arch=compute_50,code=\"sm_50,compute_50\" --use-local-env -ccbin "C:\Program Files\Microsoft Visual Studio\2022\Community\VC\Tools\MSVC\14.33.31629\bin\HostX64\x64" -x cu   -I"C:\Program Files\NVIDIA GPU Computing Toolkit\CUDA\v11.8\include" -I"C:\Program Files\NVIDIA GPU Computing Toolkit\CUDA\v11.8\include"  -G   --keep-dir x64\Debug  -maxrregcount=0  --machine 64 --compile -cudart static  -g  -DWIN32 -DWIN64 -D_DEBUG -D_CONSOLE -D_MBCS -Xcompiler "/EHsc /W3 /nologo /Od /Fdx64\Debug\vc143.pdb /FS /Zi /RTC1 /MDd " -o C:\Users\nigue\source\repos\CudaRotate\CudaRotate\x64\Debug\kernel.cu.obj "C:\Users\nigue\source\repos\CudaRotate\CudaRotate\kernel.cu" 
C:\Users\nigue\source\repos\CudaRotate\CudaRotate\kernel.cu(138): warning #546-D: transfer of control bypasses initialization of:
              variable "dst"
  (151): here
              variable "t0"
  (152): here
              variable "t1"
  (163): here
              variable "thdsize"
  (166): here
              variable "blockSize"
  (167): here
              variable "t2"
  (199): here
  
C:\Users\nigue\source\repos\CudaRotate\CudaRotate\kernel.cu(146): warning #546-D: transfer of control bypasses initialization of:
              variable "dst"
  (151): here
              variable "t0"
  (152): here
              variable "t1"
  (163): here
              variable "thdsize"
  (166): here
              variable "blockSize"
  (167): here
              variable "t2"
  (199): here
  
C:\Users\nigue\source\repos\CudaRotate\CudaRotate\kernel.cu(160): warning #546-D: transfer of control bypasses initialization of:
              variable "t1"
  (163): here
              variable "thdsize"
  (166): here
              variable "blockSize"
  (167): here
              variable "t2"
  (199): here
  
C:\Users\nigue\source\repos\CudaRotate\CudaRotate\kernel.cu(189): warning #546-D: transfer of control bypasses initialization of:
              variable "t2"
  (199): here
  
C:\Users\nigue\source\repos\CudaRotate\CudaRotate\kernel.cu(196): warning #546-D: transfer of control bypasses initialization of:
              variable "t2"
  (199): here
  
C:\Users\nigue\source\repos\CudaRotate\CudaRotate\kernel.cu(138): warning #546-D: transfer of control bypasses initialization of:
              variable "dst"
  (151): here
              variable "t0"
  (152): here
              variable "t1"
  (163): here
              variable "thdsize"
  (166): here
              variable "blockSize"
  (167): here
              variable "t2"
  (199): here
  
C:\Users\nigue\source\repos\CudaRotate\CudaRotate\kernel.cu(146): warning #546-D: transfer of control bypasses initialization of:
              variable "dst"
  (151): here
              variable "t0"
  (152): here
              variable "t1"
  (163): here
              variable "thdsize"
  (166): here
              variable "blockSize"
  (167): here
              variable "t2"
  (199): here
  
C:\Users\nigue\source\repos\CudaRotate\CudaRotate\kernel.cu(160): warning #546-D: transfer of control bypasses initialization of:
              variable "t1"
  (163): here
              variable "thdsize"
  (166): here
              variable "blockSize"
  (167): here
              variable "t2"
  (199): here
  
C:\Users\nigue\source\repos\CudaRotate\CudaRotate\kernel.cu(189): warning #546-D: transfer of control bypasses initialization of:
              variable "t2"
  (199): here
  
C:\Users\nigue\source\repos\CudaRotate\CudaRotate\kernel.cu(196): warning #546-D: transfer of control bypasses initialization of:
              variable "t2"
  (199): here
  
  kernel.cu
C:\Users\nigue\source\repos\CudaRotate\CudaRotate\kernel.cu(130): warning C4267: '正在初始化': 將 'size_t' 轉換為 'int'，資料可能遺失
C:\Users\nigue\source\repos\CudaRotate\CudaRotate\kernel.cu(166): warning C4244: '正在初始化': 將 'double' 轉換為 'int'，由於類型不同，可能導致資料遺失
C:\Users\nigue\source\repos\CudaRotate\CudaRotate\kernel.cu(171): warning C4267: '=': 將 'size_t' 轉換為 'int'，資料可能遺失
C:\Users\nigue\source\repos\CudaRotate\CudaRotate\kernel.cu(180): warning C4244: '=': 將 'double' 轉換為 'int'，由於類型不同，可能導致資料遺失
C:\Users\nigue\source\repos\CudaRotate\CudaRotate\kernel.cu(185): warning C4244: '引數': 將 'double' 轉換為 'int'，由於類型不同，可能導致資料遺失
C:\Users\nigue\source\repos\CudaRotate\CudaRotate\kernel.cu(185): warning C4267: '引數': 將 'size_t' 轉換為 'int'，資料可能遺失
     正在建立程式庫 C:\Users\nigue\source\repos\CudaRotate\x64\Debug\CudaRotate.lib 和物件 C:\Users\nigue\source\repos\CudaRotate\x64\Debug\CudaRotate.exp
LINK : warning LNK4098: 預設的程式庫 'LIBCMT' 與其他使用的程式庫衝突，請使用 /NODEFAULTLIB:library
  CudaRotate.vcxproj -> C:\Users\nigue\source\repos\CudaRotate\x64\Debug\CudaRotate.exe
